<?xml version="1.0" encoding="UTF-8"?>
<testng-results skipped="0" failed="0" total="4" passed="4">
  <reporter-output>
  </reporter-output>
  <suite name="Default suite" duration-ms="16179" started-at="2015-09-01T16:02:22Z" finished-at="2015-09-01T16:02:39Z">
    <groups>
    </groups>
    <test name="Default test" duration-ms="16179" started-at="2015-09-01T16:02:22Z" finished-at="2015-09-01T16:02:39Z">
      <class name="com.example.tests.AlsoGroupCreationTests">
        <test-method status="PASS" signature="setUp()[pri:0, instance:com.example.tests.AlsoGroupCreationTests@5fe5c6f]" name="setUp" is-config="true" duration-ms="6329" started-at="2015-09-01T19:02:22Z" finished-at="2015-09-01T19:02:29Z">
          <reporter-output>
          </reporter-output>
        </test-method> <!-- setUp -->
        <test-method status="PASS" signature="testEmptyGroupCreation()[pri:0, instance:com.example.tests.AlsoGroupCreationTests@5fe5c6f]" name="testEmptyGroupCreation" duration-ms="2434" started-at="2015-09-01T19:02:29Z" finished-at="2015-09-01T19:02:31Z">
          <reporter-output>
          </reporter-output>
        </test-method> <!-- testEmptyGroupCreation -->
        <test-method status="PASS" signature="testNonEmptyGroupCreation()[pri:0, instance:com.example.tests.AlsoGroupCreationTests@5fe5c6f]" name="testNonEmptyGroupCreation" duration-ms="2272" started-at="2015-09-01T19:02:31Z" finished-at="2015-09-01T19:02:33Z">
          <reporter-output>
          </reporter-output>
        </test-method> <!-- testNonEmptyGroupCreation -->
        <test-method status="PASS" signature="tearDown()[pri:0, instance:com.example.tests.AlsoGroupCreationTests@5fe5c6f]" name="tearDown" is-config="true" duration-ms="560" started-at="2015-09-01T19:02:38Z" finished-at="2015-09-01T19:02:39Z">
          <reporter-output>
          </reporter-output>
        </test-method> <!-- tearDown -->
      </class> <!-- com.example.tests.AlsoGroupCreationTests -->
      <class name="com.example.tests.GroupCreationTests">
        <test-method status="PASS" signature="testEmptyGroupCreation()[pri:0, instance:com.example.tests.GroupCreationTests@224aed64]" name="testEmptyGroupCreation" duration-ms="2040" started-at="2015-09-01T19:02:33Z" finished-at="2015-09-01T19:02:35Z">
          <reporter-output>
          </reporter-output>
        </test-method> <!-- testEmptyGroupCreation -->
        <test-method status="PASS" signature="testNonEmptyGroupCreation()[pri:0, instance:com.example.tests.GroupCreationTests@224aed64]" name="testNonEmptyGroupCreation" duration-ms="2504" started-at="2015-09-01T19:02:35Z" finished-at="2015-09-01T19:02:38Z">
          <reporter-output>
          </reporter-output>
        </test-method> <!-- testNonEmptyGroupCreation -->
      </class> <!-- com.example.tests.GroupCreationTests -->
    </test> <!-- Default test -->
  </suite> <!-- Default suite -->
</testng-results>
