<?xml version="1.0" encoding="UTF-8"?>
<!-- Generated by org.testng.reporters.JUnitXMLReporter -->
<testsuite hostname="WKS-CSD-ITCG01" name="Default test" tests="4" failures="0" timestamp="1 Sep 2015 16:02:39 GMT" time="16.179" errors="0">
  <testcase name="testEmptyGroupCreation" time="2.434" classname="com.example.tests.AlsoGroupCreationTests"/>
  <testcase name="testNonEmptyGroupCreation" time="2.272" classname="com.example.tests.AlsoGroupCreationTests"/>
  <testcase name="testEmptyGroupCreation" time="2.04" classname="com.example.tests.GroupCreationTests"/>
  <testcase name="testNonEmptyGroupCreation" time="2.504" classname="com.example.tests.GroupCreationTests"/>
</testsuite> <!-- Default test -->
