<?xml version="1.0" encoding="UTF-8"?>
<!-- Generated by org.testng.reporters.JUnitXMLReporter -->
<testsuite hostname="WKS-CSD-ITCG01" name="Default test" tests="6" failures="0" timestamp="2 Sep 2015 13:50:36 GMT" time="18.758" errors="0">
  <testcase name="testEmptyGroupCreation" time="2.231" classname="com.example.tests.AlsoGroupCreationTests"/>
  <testcase name="testNonEmptyGroupCreation" time="2.15" classname="com.example.tests.AlsoGroupCreationTests"/>
  <testcase name="testEmptyGroupCreation" time="1.888" classname="com.example.tests.GroupCreationTests"/>
  <testcase name="testNonEmptyGroupCreation" time="2.261" classname="com.example.tests.GroupCreationTests"/>
  <testcase name="testEmptyContactCreation" time="1.926" classname="com.example.tests.ContactCreationTests"/>
  <testcase name="testNonEmptyContactCreation" time="2.228" classname="com.example.tests.ContactCreationTests"/>
</testsuite> <!-- Default test -->
